<?xml version="1.0" encoding="UTF-8"?>
<!-- Generated by org.testng.reporters.JUnitReportReporter -->
<testsuite skipped="0" hostname="DESKTOP-SIHL974" name="com.merctours.qa.testcases.FlightBookingPageTest" tests="6" failures="0" timestamp="15 May 2019 04:45:29 GMT" time="208.372" errors="0">
  <testcase name="FlightBkgPageTitleTest" time="34.233" classname="com.merctours.qa.testcases.FlightBookingPageTest"/>
  <testcase name="setpassdetails" time="34.922" classname="com.merctours.qa.testcases.FlightBookingPageTest"/>
  <testcase name="setpassdetails" time="32.194" classname="com.merctours.qa.testcases.FlightBookingPageTest"/>
  <testcase name="setpassdetails" time="33.662" classname="com.merctours.qa.testcases.FlightBookingPageTest"/>
  <testcase name="setpassdetails" time="40.039" classname="com.merctours.qa.testcases.FlightBookingPageTest"/>
  <testcase name="setpassdetails" time="33.322" classname="com.merctours.qa.testcases.FlightBookingPageTest"/>
</testsuite> <!-- com.merctours.qa.testcases.FlightBookingPageTest -->
