<?xml version="1.0" encoding="UTF-8"?>
<!-- Generated by org.testng.reporters.JUnitReportReporter -->
<testsuite skipped="0" hostname="DESKTOP-SIHL974" name="com.merctours.qa.testcases.LoginPageTest" tests="2" failures="0" timestamp="16 May 2019 18:01:07 GMT" time="33.300" errors="0">
  <testcase name="loginPageTitleTest" time="18.185" classname="com.merctours.qa.testcases.LoginPageTest"/>
  <testcase name="loginTest" time="15.115" classname="com.merctours.qa.testcases.LoginPageTest"/>
</testsuite> <!-- com.merctours.qa.testcases.LoginPageTest -->
