<?xml version="1.0" encoding="UTF-8"?>
<!-- Generated by org.testng.reporters.JUnitReportReporter -->
<testsuite skipped="0" hostname="DESKTOP-SIHL974" name="com.merctours.qa.testcases.LoginPageTest" tests="2" failures="0" timestamp="15 May 2019 04:45:29 GMT" time="20.927" errors="0">
  <testcase name="loginPageTitleTest" time="9.022" classname="com.merctours.qa.testcases.LoginPageTest"/>
  <testcase name="loginTest" time="11.905" classname="com.merctours.qa.testcases.LoginPageTest"/>
</testsuite> <!-- com.merctours.qa.testcases.LoginPageTest -->
