<?xml version="1.0" encoding="UTF-8"?>
<!-- Generated by org.testng.reporters.JUnitReportReporter -->
<testsuite skipped="0" hostname="DESKTOP-SIHL974" name="com.merctours.qa.testcases.FlightSearchPageTest" tests="2" failures="0" timestamp="15 May 2019 04:45:29 GMT" time="45.427" errors="0">
  <testcase name="FlightSearchPageTitleTest" time="13.397" classname="com.merctours.qa.testcases.FlightSearchPageTest"/>
  <testcase name="searchflighttest" time="32.030" classname="com.merctours.qa.testcases.FlightSearchPageTest"/>
</testsuite> <!-- com.merctours.qa.testcases.FlightSearchPageTest -->
