<?xml version="1.0" encoding="UTF-8"?>
<!-- Generated by org.testng.reporters.JUnitReportReporter -->
<testsuite skipped="0" hostname="DESKTOP-SIHL974" name="com.merctours.qa.testcases.FlightSelectionPageTest" tests="2" failures="0" timestamp="15 May 2019 04:45:29 GMT" time="62.516" errors="0">
  <testcase name="FlightSelectionPageTitleTest" time="29.449" classname="com.merctours.qa.testcases.FlightSelectionPageTest"/>
  <testcase name="flightseltest" time="33.067" classname="com.merctours.qa.testcases.FlightSelectionPageTest"/>
</testsuite> <!-- com.merctours.qa.testcases.FlightSelectionPageTest -->
