<?xml version="1.0" encoding="UTF-8"?>
<!-- Generated by org.testng.reporters.JUnitReportReporter -->
<testsuite skipped="0" hostname="DESKTOP-SIHL974" name="com.merctours.qa.testcases.BookingConfPageTest" tests="3" failures="0" timestamp="15 May 2019 04:45:29 GMT" time="99.607" errors="0">
  <testcase name="BkgConfPageTitleTest" time="34.052" classname="com.merctours.qa.testcases.BookingConfPageTest"/>
  <testcase name="bkgconfmsg" time="31.825" classname="com.merctours.qa.testcases.BookingConfPageTest"/>
  <testcase name="logout" time="33.730" classname="com.merctours.qa.testcases.BookingConfPageTest"/>
</testsuite> <!-- com.merctours.qa.testcases.BookingConfPageTest -->
