<?xml version="1.0" encoding="UTF-8"?>
<!-- Generated by org.testng.reporters.JUnitReportReporter -->
<testsuite skipped="0" hostname="DESKTOP-SIHL974" name="com.merctours.qa.testcases.FlightSelPageTest" tests="1" failures="0" timestamp="2019-05-11T19:40:10 CDT" time="31.960" errors="0">
  <testcase name="tearDown" time="31.960" classname="com.merctours.qa.testcases.FlightSelPageTest"/>
</testsuite> <!-- com.merctours.qa.testcases.FlightSelPageTest -->
