<?xml version="1.0" encoding="UTF-8"?>
<!-- Generated by org.testng.reporters.JUnitReportReporter -->
<testsuite skipped="0" hostname="DESKTOP-SIHL974" name="com.merctours.qa.testcases.FlightSelectionPageTest" tests="2" failures="0" timestamp="2019-05-15T10:51:27 CDT" time="69.907" errors="0">
  <testcase name="FlightSelectionPageTitleTest" time="36.875" classname="com.merctours.qa.testcases.FlightSelectionPageTest"/>
  <testcase name="flightseltest" time="33.032" classname="com.merctours.qa.testcases.FlightSelectionPageTest"/>
</testsuite> <!-- com.merctours.qa.testcases.FlightSelectionPageTest -->
