<?xml version="1.0" encoding="UTF-8"?>
<!-- Generated by org.testng.reporters.JUnitReportReporter -->
<testsuite skipped="0" hostname="DESKTOP-SIHL974" name="com.merctours.qa.testcases.LoginPageTest" tests="2" failures="0" timestamp="2019-05-15T10:51:27 CDT" time="30.899" errors="0">
  <testcase name="loginPageTitleTest" time="14.211" classname="com.merctours.qa.testcases.LoginPageTest"/>
  <testcase name="loginTest" time="16.688" classname="com.merctours.qa.testcases.LoginPageTest"/>
</testsuite> <!-- com.merctours.qa.testcases.LoginPageTest -->
