<?xml version="1.0" encoding="UTF-8"?>
<!-- Generated by org.testng.reporters.JUnitReportReporter -->
<testsuite skipped="0" hostname="DESKTOP-SIHL974" name="com.merctours.qa.testcases.BookingConfPageTest" tests="3" failures="0" timestamp="2019-05-15T10:51:27 CDT" time="122.050" errors="0">
  <testcase name="BkgConfPageTitleTest" time="37.996" classname="com.merctours.qa.testcases.BookingConfPageTest"/>
  <testcase name="bkgconfmsg" time="36.702" classname="com.merctours.qa.testcases.BookingConfPageTest"/>
  <testcase name="logout" time="47.352" classname="com.merctours.qa.testcases.BookingConfPageTest"/>
</testsuite> <!-- com.merctours.qa.testcases.BookingConfPageTest -->
