<?xml version="1.0" encoding="UTF-8"?>
<!-- Generated by org.testng.reporters.JUnitReportReporter -->
<testsuite skipped="0" hostname="DESKTOP-SIHL974" name="com.merctours.qa.testcases.FlightSearchPageTest" tests="2" failures="0" timestamp="2019-05-15T10:51:27 CDT" time="58.167" errors="0">
  <testcase name="FlightSearchPageTitleTest" time="16.046" classname="com.merctours.qa.testcases.FlightSearchPageTest"/>
  <testcase name="searchflighttest" time="42.121" classname="com.merctours.qa.testcases.FlightSearchPageTest"/>
</testsuite> <!-- com.merctours.qa.testcases.FlightSearchPageTest -->
