<?xml version="1.0" encoding="UTF-8"?>
<!-- Generated by org.testng.reporters.JUnitReportReporter -->
<testsuite skipped="0" hostname="DESKTOP-SIHL974" name="com.merctours.qa.testcases.FlightBookingPageTest" tests="6" failures="0" timestamp="2019-05-15T10:51:27 CDT" time="222.979" errors="0">
  <testcase name="FlightBkgPageTitleTest" time="38.364" classname="com.merctours.qa.testcases.FlightBookingPageTest"/>
  <testcase name="setpassdetails" time="37.694" classname="com.merctours.qa.testcases.FlightBookingPageTest"/>
  <testcase name="setpassdetails" time="36.991" classname="com.merctours.qa.testcases.FlightBookingPageTest"/>
  <testcase name="setpassdetails" time="36.810" classname="com.merctours.qa.testcases.FlightBookingPageTest"/>
  <testcase name="setpassdetails" time="35.089" classname="com.merctours.qa.testcases.FlightBookingPageTest"/>
  <testcase name="setpassdetails" time="38.031" classname="com.merctours.qa.testcases.FlightBookingPageTest"/>
</testsuite> <!-- com.merctours.qa.testcases.FlightBookingPageTest -->
